<?xml version="1.0" encoding="UTF-8"?>
<!-- Generated by org.testng.reporters.JUnitXMLReporter -->
<testsuite ignored="0" hostname="DESKTOP-R1V1R5E" failures="0" tests="4" name="Default test" time="2.756" errors="0" timestamp="2022-11-12T22:49:08 EET">
  <testcase classname="com.selenium.fixed.crud.mainTest" name="add_Recipe" time="0.934"/>
  <testcase classname="com.selenium.fixed.crud.mainTest" name="read_Recipe" time="0.809"/>
  <testcase classname="com.selenium.fixed.crud.mainTest" name="edit_Recipe" time="0.727"/>
  <testcase classname="com.selenium.fixed.crud.mainTest" name="delete_Recipe" time="0.234"/>
</testsuite> <!-- Default test -->
